-------------------------------------------------------------------------------
Test set: occ.learning.test.CalculatorTest
-------------------------------------------------------------------------------
Tests run: 6, Failures: 1, Errors: 0, Skipped: 0, Time elapsed: 0.368 s <<< FAILURE! - in occ.learning.test.CalculatorTest
testAddDoubleNumber{double, double, double}[1]  Time elapsed: 0.221 s  <<< FAILURE!
org.opentest4j.AssertionFailedError: 

Expecting:
 <4.9>
to be equal to:
 <4.7>
but was not.
	at occ.learning.test.CalculatorTest.testAddDoubleNumber(CalculatorTest.java:78)

