<?xml version="1.0" encoding="UTF-8"?>
<testsuite xmlns:xsi="http://www.w3.org/2001/XMLSchema-instance" xsi:noNamespaceSchemaLocation="https://maven.apache.org/surefire/maven-surefire-plugin/xsd/surefire-test-report.xsd" name="occ.learning.test.CalculatorTest" time="1.142" tests="4" errors="0" skipped="0" failures="0">
  <properties>
[...]
</properties>
  <testcase name="testAddTwoPositiveNumber{int, int, int}[1]" classname="occ.learning.test.CalculatorTest" time="0.699"/>
  <testcase name="testAddTwoPositiveNumber{int, int, int}[2]" classname="occ.learning.test.CalculatorTest" time="0.044"/>
  <testcase name="testMultiplyTwoPositiveNumbers" classname="occ.learning.test.CalculatorTest" time="0.01"/>
  <testcase name="testDigitInNumbers" classname="occ.learning.test.CalculatorTest" time="0.026"/>
</testsuite>